<?xml version="1.0" encoding="UTF-8"?>
<!-- Generated by org.testng.reporters.JUnitReportReporter -->
<testsuite hostname="DESKTOP-4MKMCSH" failures="0" tests="1" name="com.akav.testRunner.TestNGRunner" time="0.185" errors="0" timestamp="2024-05-13T10:11:52 IST" skipped="0">
  <testcase classname="com.akav.testRunner.TestNGRunner" name="runScenario" time="0.185"/>
</testsuite> <!-- com.akav.testRunner.TestNGRunner -->
